$ storybook build --output-dir /var/folders/4c/9xpr38n95ml5_d3bqt1f3nfm0000gp/T/chromatic--78016-tQLx28YHabbT
@storybook/cli v7.0.6

info => Cleaning outputDir: /var/folders/4c/9xpr38n95ml5_d3bqt1f3nfm0000gp/T/chromatic--78016-tQLx28YHabbT
(node:78043) ExperimentalWarning: The Fetch API is an experimental feature. This feature could change at any time
(Use `node --trace-warnings ...` to show where the warning was created)
info => Loading presets
info => Building manager..
info => Manager built (79 ms)
info => Copying static files: /Users/lakshyapoddar/Desktop/workspace/TestStorybookVersioning/node_modules/@storybook/manager/static at /var/folders/4c/9xpr38n95ml5_d3bqt1f3nfm0000gp/T/chromatic--78016-tQLx28YHabbT/sb-common-assets
info => Copying static files: /Users/lakshyapoddar/Desktop/workspace/TestStorybookVersioning/public at /var/folders/4c/9xpr38n95ml5_d3bqt1f3nfm0000gp/T/chromatic--78016-tQLx28YHabbT/
vite v4.2.2 building for production...

./sb-common-assets/fonts.css doesn't exist at build time, it will remain unchanged to be resolved at runtime
transforming...
Use of eval in "node_modules/telejson/dist/index.mjs" is strongly discouraged as it poses security risks and may cause issues with minification.
Use of eval in "node_modules/telejson/dist/index.mjs" is strongly discouraged as it poses security risks and may cause issues with minification.
✓ 1359 modules transformed.
rendering chunks...
computing gzip size...
../../../../../var/folders/4c/9xpr38n95ml5_d3bqt1f3nfm0000gp/T/chromatic--78016-tQLx28YHabbT/assets/direction-94a9917f.svg                         1.28 kB
../../../../../var/folders/4c/9xpr38n95ml5_d3bqt1f3nfm0000gp/T/chromatic--78016-tQLx28YHabbT/assets/flow-275142c6.svg                              1.39 kB
../../../../../var/folders/4c/9xpr38n95ml5_d3bqt1f3nfm0000gp/T/chromatic--78016-tQLx28YHabbT/assets/code-brackets-9ef6443e.svg                     1.46 kB
../../../../../var/folders/4c/9xpr38n95ml5_d3bqt1f3nfm0000gp/T/chromatic--78016-tQLx28YHabbT/assets/comments-f15a6837.svg                          1.53 kB
../../../../../var/folders/4c/9xpr38n95ml5_d3bqt1f3nfm0000gp/T/chromatic--78016-tQLx28YHabbT/assets/repo-fb4ece47.svg                              1.64 kB
../../../../../var/folders/4c/9xpr38n95ml5_d3bqt1f3nfm0000gp/T/chromatic--78016-tQLx28YHabbT/assets/plugin-57148314.svg                            2.17 kB
../../../../../var/folders/4c/9xpr38n95ml5_d3bqt1f3nfm0000gp/T/chromatic--78016-tQLx28YHabbT/assets/stackalt-2ad81543.svg                          2.55 kB
../../../../../var/folders/4c/9xpr38n95ml5_d3bqt1f3nfm0000gp/T/chromatic--78016-tQLx28YHabbT/assets/colors-ac9401f3.svg                            8.51 kB
../../../../../var/folders/4c/9xpr38n95ml5_d3bqt1f3nfm0000gp/T/chromatic--78016-tQLx28YHabbT/iframe.html                                          12.74 kB
../../../../../var/folders/4c/9xpr38n95ml5_d3bqt1f3nfm0000gp/T/chromatic--78016-tQLx28YHabbT/assets/Header-e719f21b.css                            0.43 kB │ gzip:   0.29 kB
../../../../../var/folders/4c/9xpr38n95ml5_d3bqt1f3nfm0000gp/T/chromatic--78016-tQLx28YHabbT/assets/Button-bc1a867b.css                            0.52 kB │ gzip:   0.29 kB
../../../../../var/folders/4c/9xpr38n95ml5_d3bqt1f3nfm0000gp/T/chromatic--78016-tQLx28YHabbT/assets/Page.stories-62652a55.css                      0.85 kB │ gzip:   0.38 kB
../../../../../var/folders/4c/9xpr38n95ml5_d3bqt1f3nfm0000gp/T/chromatic--78016-tQLx28YHabbT/assets/preview-1e5c59db.js                            0.19 kB │ gzip:   0.19 kB │ map:     0.62 kB
../../../../../var/folders/4c/9xpr38n95ml5_d3bqt1f3nfm0000gp/T/chromatic--78016-tQLx28YHabbT/assets/index-d475d2ea.js                              0.21 kB │ gzip:   0.17 kB │ map:     0.85 kB
../../../../../var/folders/4c/9xpr38n95ml5_d3bqt1f3nfm0000gp/T/chromatic--78016-tQLx28YHabbT/assets/index-a42a4a37.js                              0.25 kB │ gzip:   0.20 kB │ map:     0.10 kB
../../../../../var/folders/4c/9xpr38n95ml5_d3bqt1f3nfm0000gp/T/chromatic--78016-tQLx28YHabbT/assets/WithTooltip-FBT32F6Q-ea0b24bd.js               0.42 kB │ gzip:   0.26 kB │ map:     0.11 kB
../../../../../var/folders/4c/9xpr38n95ml5_d3bqt1f3nfm0000gp/T/chromatic--78016-tQLx28YHabbT/assets/syntaxhighlighter-QTQ2UBB4-3d78dca7.js         0.44 kB │ gzip:   0.28 kB │ map:     0.12 kB
../../../../../var/folders/4c/9xpr38n95ml5_d3bqt1f3nfm0000gp/T/chromatic--78016-tQLx28YHabbT/assets/index-4fb8b842.js                              0.53 kB │ gzip:   0.34 kB │ map:     4.30 kB
../../../../../var/folders/4c/9xpr38n95ml5_d3bqt1f3nfm0000gp/T/chromatic--78016-tQLx28YHabbT/assets/react-18-61705542.js                           0.59 kB │ gzip:   0.38 kB │ map:     2.65 kB
../../../../../var/folders/4c/9xpr38n95ml5_d3bqt1f3nfm0000gp/T/chromatic--78016-tQLx28YHabbT/assets/preview-0435c720.js                            0.69 kB │ gzip:   0.49 kB │ map:     3.89 kB
../../../../../var/folders/4c/9xpr38n95ml5_d3bqt1f3nfm0000gp/T/chromatic--78016-tQLx28YHabbT/assets/_commonjsHelpers-042e6b4d.js                   0.78 kB │ gzip:   0.44 kB │ map:     0.11 kB
../../../../../var/folders/4c/9xpr38n95ml5_d3bqt1f3nfm0000gp/T/chromatic--78016-tQLx28YHabbT/assets/preview-48b2ba2f.js                            0.79 kB │ gzip:   0.47 kB │ map:     1.30 kB
../../../../../var/folders/4c/9xpr38n95ml5_d3bqt1f3nfm0000gp/T/chromatic--78016-tQLx28YHabbT/assets/index-4d501b15.js                              0.80 kB │ gzip:   0.52 kB │ map:     4.17 kB
../../../../../var/folders/4c/9xpr38n95ml5_d3bqt1f3nfm0000gp/T/chromatic--78016-tQLx28YHabbT/assets/index-356e4a49.js                              0.81 kB │ gzip:   0.51 kB │ map:     3.28 kB
../../../../../var/folders/4c/9xpr38n95ml5_d3bqt1f3nfm0000gp/T/chromatic--78016-tQLx28YHabbT/assets/preview-b1164a2e.js                            0.88 kB │ gzip:   0.58 kB │ map:     2.86 kB
../../../../../var/folders/4c/9xpr38n95ml5_d3bqt1f3nfm0000gp/T/chromatic--78016-tQLx28YHabbT/assets/Header.stories-38494d84.js                     0.92 kB │ gzip:   0.49 kB │ map:     0.11 kB
../../../../../var/folders/4c/9xpr38n95ml5_d3bqt1f3nfm0000gp/T/chromatic--78016-tQLx28YHabbT/assets/jsx-runtime-670450c2.js                        1.06 kB │ gzip:   0.66 kB │ map:     2.34 kB
../../../../../var/folders/4c/9xpr38n95ml5_d3bqt1f3nfm0000gp/T/chromatic--78016-tQLx28YHabbT/assets/DocsRenderer-7FRJXR4N-01236238.js              1.30 kB │ gzip:   0.70 kB │ map:     2.45 kB
../../../../../var/folders/4c/9xpr38n95ml5_d3bqt1f3nfm0000gp/T/chromatic--78016-tQLx28YHabbT/assets/Button-c04af887.js                             1.48 kB │ gzip:   0.70 kB │ map:     1.91 kB
../../../../../var/folders/4c/9xpr38n95ml5_d3bqt1f3nfm0000gp/T/chromatic--78016-tQLx28YHabbT/assets/Button.stories-726d0d86.js                     1.55 kB │ gzip:   0.60 kB │ map:     0.13 kB
../../../../../var/folders/4c/9xpr38n95ml5_d3bqt1f3nfm0000gp/T/chromatic--78016-tQLx28YHabbT/assets/ButtonNew.stories-86a2e16a.js                  1.55 kB │ gzip:   0.60 kB │ map:     0.13 kB
../../../../../var/folders/4c/9xpr38n95ml5_d3bqt1f3nfm0000gp/T/chromatic--78016-tQLx28YHabbT/assets/Header-a13980c0.js                             1.69 kB │ gzip:   0.83 kB │ map:     3.08 kB
../../../../../var/folders/4c/9xpr38n95ml5_d3bqt1f3nfm0000gp/T/chromatic--78016-tQLx28YHabbT/assets/preview-bb5acd95.js                            2.38 kB │ gzip:   1.26 kB │ map:    10.44 kB
../../../../../var/folders/4c/9xpr38n95ml5_d3bqt1f3nfm0000gp/T/chromatic--78016-tQLx28YHabbT/assets/index-d37d4223.js                              2.63 kB │ gzip:   1.30 kB │ map:     7.49 kB
../../../../../var/folders/4c/9xpr38n95ml5_d3bqt1f3nfm0000gp/T/chromatic--78016-tQLx28YHabbT/assets/preview-f96f0111.js                            3.29 kB │ gzip:   1.41 kB │ map:    10.14 kB
../../../../../var/folders/4c/9xpr38n95ml5_d3bqt1f3nfm0000gp/T/chromatic--78016-tQLx28YHabbT/assets/iframe-2d829722.js                             5.45 kB │ gzip:   1.79 kB │ map:     5.78 kB
../../../../../var/folders/4c/9xpr38n95ml5_d3bqt1f3nfm0000gp/T/chromatic--78016-tQLx28YHabbT/assets/Introduction-527f1d81.js                       6.65 kB │ gzip:   2.21 kB │ map:    11.71 kB
../../../../../var/folders/4c/9xpr38n95ml5_d3bqt1f3nfm0000gp/T/chromatic--78016-tQLx28YHabbT/assets/index-f1f749bf.js                              7.25 kB │ gzip:   2.96 kB │ map:    15.74 kB
../../../../../var/folders/4c/9xpr38n95ml5_d3bqt1f3nfm0000gp/T/chromatic--78016-tQLx28YHabbT/assets/preview-62235626.js                            7.69 kB │ gzip:   1.60 kB │ map:    13.75 kB
../../../../../var/folders/4c/9xpr38n95ml5_d3bqt1f3nfm0000gp/T/chromatic--78016-tQLx28YHabbT/assets/preview-e6f1f377.js                            7.97 kB │ gzip:   3.03 kB │ map:    28.23 kB
../../../../../var/folders/4c/9xpr38n95ml5_d3bqt1f3nfm0000gp/T/chromatic--78016-tQLx28YHabbT/assets/index-078d3f98.js                             10.06 kB │ gzip:   3.66 kB │ map:    26.50 kB
../../../../../var/folders/4c/9xpr38n95ml5_d3bqt1f3nfm0000gp/T/chromatic--78016-tQLx28YHabbT/assets/GlobalScrollAreaStyles-XIHNDKUY-02c21b9f.js   10.40 kB │ gzip:   2.34 kB │ map:    15.73 kB
../../../../../var/folders/4c/9xpr38n95ml5_d3bqt1f3nfm0000gp/T/chromatic--78016-tQLx28YHabbT/assets/preview-8e084d2f.js                           11.13 kB │ gzip:   3.76 kB │ map:    41.77 kB
../../../../../var/folders/4c/9xpr38n95ml5_d3bqt1f3nfm0000gp/T/chromatic--78016-tQLx28YHabbT/assets/Color-3YIJY6X7-fc478572.js                    30.98 kB │ gzip:  11.62 kB │ map:   112.76 kB
../../../../../var/folders/4c/9xpr38n95ml5_d3bqt1f3nfm0000gp/T/chromatic--78016-tQLx28YHabbT/assets/OverlayScrollbars-VAV6LJAB-ede1dd80.js        58.97 kB │ gzip:  25.28 kB │ map:   277.34 kB
../../../../../var/folders/4c/9xpr38n95ml5_d3bqt1f3nfm0000gp/T/chromatic--78016-tQLx28YHabbT/assets/index-f64090b0.js                            212.67 kB │ gzip:  66.51 kB │ map:   654.01 kB
../../../../../var/folders/4c/9xpr38n95ml5_d3bqt1f3nfm0000gp/T/chromatic--78016-tQLx28YHabbT/assets/config-6c7140a7.js                           213.66 kB │ gzip:  66.40 kB │ map:   803.46 kB
../../../../../var/folders/4c/9xpr38n95ml5_d3bqt1f3nfm0000gp/T/chromatic--78016-tQLx28YHabbT/assets/Page.stories-f95419e9.js                     272.87 kB │ gzip:  65.73 kB │ map:   980.84 kB
../../../../../var/folders/4c/9xpr38n95ml5_d3bqt1f3nfm0000gp/T/chromatic--78016-tQLx28YHabbT/assets/index-d98d66df.js                            503.40 kB │ gzip: 165.70 kB │ map: 1,435.94 kB
../../../../../var/folders/4c/9xpr38n95ml5_d3bqt1f3nfm0000gp/T/chromatic--78016-tQLx28YHabbT/assets/formatter-S4K5WUZV-4baa8703.js               601.63 kB │ gzip: 185.06 kB │ map: 1,315.99 kB

(!) Some chunks are larger than 500 kBs after minification. Consider:
- Using dynamic import() to code-split the application
- Use build.rollupOptions.output.manualChunks to improve chunking: https://rollupjs.org/configuration-options/#output-manualchunks
- Adjust chunk size limit for this warning via build.chunkSizeWarningLimit.
✓ built in 5.24s
info => Output directory: /var/folders/4c/9xpr38n95ml5_d3bqt1f3nfm0000gp/T/chromatic--78016-tQLx28YHabbT
